<?xml version="1.0" encoding="UTF-8"?>
<coverage generated="1714639520294" clover="3.2.0">
  <project timestamp="1714639520294" name="All files">
    <metrics statements="43" coveredstatements="42" conditionals="29" coveredconditionals="28" methods="3" coveredmethods="3" elements="75" coveredelements="73" complexity="0" loc="43" ncloc="43" packages="1" files="1" classes="1"/>
    <file name="calculator.js" path="C:\Users\Mutaz Hmaid\Desktop\calculator-testing\calculator.js">
      <metrics statements="43" coveredstatements="42" conditionals="29" coveredconditionals="28" methods="3" coveredmethods="3"/>
      <line num="2" count="1" type="stmt"/>
      <line num="4" count="18" type="cond" truecount="4" falsecount="0"/>
      <line num="5" count="2" type="stmt"/>
      <line num="8" count="16" type="stmt"/>
      <line num="9" count="16" type="stmt"/>
      <line num="10" count="16" type="stmt"/>
      <line num="12" count="16" type="stmt"/>
      <line num="14" count="75" type="cond" truecount="2" falsecount="0"/>
      <line num="15" count="44" type="stmt"/>
      <line num="16" count="44" type="cond" truecount="2" falsecount="0"/>
      <line num="17" count="1" type="stmt"/>
      <line num="19" count="43" type="stmt"/>
      <line num="23" count="31" type="cond" truecount="2" falsecount="0"/>
      <line num="24" count="29" type="stmt"/>
      <line num="25" count="29" type="stmt"/>
      <line num="28" count="29" type="cond" truecount="2" falsecount="0"/>
      <line num="29" count="13" type="stmt"/>
      <line num="30" count="13" type="stmt"/>
      <line num="32" count="29" type="stmt"/>
      <line num="36" count="2" type="cond" truecount="4" falsecount="0"/>
      <line num="37" count="1" type="stmt"/>
      <line num="42" count="1" type="stmt"/>
      <line num="47" count="14" type="stmt"/>
      <line num="48" count="16" type="stmt"/>
      <line num="49" count="15" type="stmt"/>
      <line num="52" count="13" type="stmt"/>
      <line num="56" count="1" type="stmt"/>
      <line num="57" count="16" type="cond" truecount="6" falsecount="0"/>
      <line num="58" count="3" type="stmt"/>
      <line num="60" count="13" type="stmt"/>
      <line num="64" count="1" type="stmt"/>
      <line num="65" count="29" type="stmt"/>
      <line num="66" count="29" type="stmt"/>
      <line num="67" count="29" type="stmt"/>
      <line num="69" count="29" type="cond" truecount="4" falsecount="1"/>
      <line num="71" count="20" type="stmt"/>
      <line num="73" count="2" type="stmt"/>
      <line num="75" count="4" type="stmt"/>
      <line num="77" count="3" type="cond" truecount="2" falsecount="0"/>
      <line num="78" count="1" type="stmt"/>
      <line num="80" count="2" type="stmt"/>
      <line num="82" count="0" type="stmt"/>
      <line num="86" count="1" type="stmt"/>
    </file>
  </project>
</coverage>
