{"C:\\Users\\Mutaz Hmaid\\Desktop\\calculator-testing\\calculator.js": {"path":"C:\\Users\\Mutaz Hmaid\\Desktop\\calculator-testing\\calculator.js","statementMap":{"0":{"start":{"line":2,"column":13},"end":{"line":53,"column":1}},"1":{"start":{"line":4,"column":2},"end":{"line":6,"column":3}},"2":{"start":{"line":5,"column":4},"end":{"line":5,"column":57}},"3":{"start":{"line":8,"column":14},"end":{"line":8,"column":20}},"4":{"start":{"line":9,"column":23},"end":{"line":9,"column":25}},"5":{"start":{"line":10,"column":24},"end":{"line":10,"column":26}},"6":{"start":{"line":12,"column":2},"end":{"line":44,"column":3}},"7":{"start":{"line":12,"column":15},"end":{"line":12,"column":16}},"8":{"start":{"line":14,"column":4},"end":{"line":43,"column":5}},"9":{"start":{"line":15,"column":20},"end":{"line":15,"column":39}},"10":{"start":{"line":16,"column":6},"end":{"line":19,"column":35}},"11":{"start":{"line":17,"column":8},"end":{"line":17,"column":29}},"12":{"start":{"line":19,"column":8},"end":{"line":19,"column":35}},"13":{"start":{"line":23,"column":9},"end":{"line":43,"column":5}},"14":{"start":{"line":24,"column":19},"end":{"line":24,"column":26}},"15":{"start":{"line":25,"column":19},"end":{"line":25,"column":58}},"16":{"start":{"line":28,"column":6},"end":{"line":31,"column":7}},"17":{"start":{"line":29,"column":18},"end":{"line":29,"column":61}},"18":{"start":{"line":30,"column":8},"end":{"line":30,"column":31}},"19":{"start":{"line":32,"column":6},"end":{"line":32,"column":33}},"20":{"start":{"line":36,"column":9},"end":{"line":43,"column":5}},"21":{"start":{"line":37,"column":6},"end":{"line":37,"column":44}},"22":{"start":{"line":42,"column":6},"end":{"line":42,"column":42}},"23":{"start":{"line":47,"column":2},"end":{"line":50,"column":3}},"24":{"start":{"line":48,"column":14},"end":{"line":48,"column":57}},"25":{"start":{"line":49,"column":4},"end":{"line":49,"column":27}},"26":{"start":{"line":52,"column":2},"end":{"line":52,"column":28}},"27":{"start":{"line":56,"column":22},"end":{"line":61,"column":1}},"28":{"start":{"line":57,"column":2},"end":{"line":59,"column":3}},"29":{"start":{"line":58,"column":4},"end":{"line":58,"column":17}},"30":{"start":{"line":60,"column":2},"end":{"line":60,"column":14}},"31":{"start":{"line":64,"column":23},"end":{"line":84,"column":1}},"32":{"start":{"line":65,"column":11},"end":{"line":65,"column":30}},"33":{"start":{"line":66,"column":13},"end":{"line":66,"column":31}},"34":{"start":{"line":67,"column":13},"end":{"line":67,"column":31}},"35":{"start":{"line":69,"column":2},"end":{"line":83,"column":3}},"36":{"start":{"line":71,"column":6},"end":{"line":71,"column":25}},"37":{"start":{"line":73,"column":6},"end":{"line":73,"column":25}},"38":{"start":{"line":75,"column":6},"end":{"line":75,"column":25}},"39":{"start":{"line":77,"column":6},"end":{"line":79,"column":7}},"40":{"start":{"line":78,"column":8},"end":{"line":78,"column":44}},"41":{"start":{"line":80,"column":6},"end":{"line":80,"column":25}},"42":{"start":{"line":82,"column":6},"end":{"line":82,"column":15}},"43":{"start":{"line":86,"column":0},"end":{"line":86,"column":22}}},"fnMap":{"0":{"name":"(anonymous_0)","decl":{"start":{"line":2,"column":13},"end":{"line":2,"column":14}},"loc":{"start":{"line":2,"column":26},"end":{"line":53,"column":1}},"line":2},"1":{"name":"(anonymous_1)","decl":{"start":{"line":56,"column":22},"end":{"line":56,"column":23}},"loc":{"start":{"line":56,"column":36},"end":{"line":61,"column":1}},"line":56},"2":{"name":"(anonymous_2)","decl":{"start":{"line":64,"column":23},"end":{"line":64,"column":24}},"loc":{"start":{"line":64,"column":56},"end":{"line":84,"column":1}},"line":64}},"branchMap":{"0":{"loc":{"start":{"line":4,"column":2},"end":{"line":6,"column":3}},"type":"if","locations":[{"start":{"line":4,"column":2},"end":{"line":6,"column":3}},{"start":{},"end":{}}],"line":4},"1":{"loc":{"start":{"line":4,"column":6},"end":{"line":4,"column":46}},"type":"binary-expr","locations":[{"start":{"line":4,"column":6},"end":{"line":4,"column":21}},{"start":{"line":4,"column":25},"end":{"line":4,"column":46}}],"line":4},"2":{"loc":{"start":{"line":14,"column":4},"end":{"line":43,"column":5}},"type":"if","locations":[{"start":{"line":14,"column":4},"end":{"line":43,"column":5}},{"start":{"line":23,"column":9},"end":{"line":43,"column":5}}],"line":14},"3":{"loc":{"start":{"line":16,"column":6},"end":{"line":19,"column":35}},"type":"if","locations":[{"start":{"line":16,"column":6},"end":{"line":19,"column":35}},{"start":{"line":19,"column":8},"end":{"line":19,"column":35}}],"line":16},"4":{"loc":{"start":{"line":23,"column":9},"end":{"line":43,"column":5}},"type":"if","locations":[{"start":{"line":23,"column":9},"end":{"line":43,"column":5}},{"start":{"line":36,"column":9},"end":{"line":43,"column":5}}],"line":23},"5":{"loc":{"start":{"line":28,"column":13},"end":{"line":28,"column":66}},"type":"binary-expr","locations":[{"start":{"line":28,"column":13},"end":{"line":28,"column":33}},{"start":{"line":28,"column":37},"end":{"line":28,"column":66}}],"line":28},"6":{"loc":{"start":{"line":36,"column":9},"end":{"line":43,"column":5}},"type":"if","locations":[{"start":{"line":36,"column":9},"end":{"line":43,"column":5}},{"start":{"line":41,"column":9},"end":{"line":43,"column":5}}],"line":36},"7":{"loc":{"start":{"line":36,"column":13},"end":{"line":36,"column":54}},"type":"binary-expr","locations":[{"start":{"line":36,"column":13},"end":{"line":36,"column":23}},{"start":{"line":36,"column":27},"end":{"line":36,"column":54}}],"line":36},"8":{"loc":{"start":{"line":57,"column":2},"end":{"line":59,"column":3}},"type":"if","locations":[{"start":{"line":57,"column":2},"end":{"line":59,"column":3}},{"start":{},"end":{}}],"line":57},"9":{"loc":{"start":{"line":57,"column":6},"end":{"line":57,"column":66}},"type":"binary-expr","locations":[{"start":{"line":57,"column":7},"end":{"line":57,"column":18}},{"start":{"line":57,"column":22},"end":{"line":57,"column":33}},{"start":{"line":57,"column":39},"end":{"line":57,"column":50}},{"start":{"line":57,"column":54},"end":{"line":57,"column":65}}],"line":57},"10":{"loc":{"start":{"line":69,"column":2},"end":{"line":83,"column":3}},"type":"switch","locations":[{"start":{"line":70,"column":4},"end":{"line":71,"column":25}},{"start":{"line":72,"column":4},"end":{"line":73,"column":25}},{"start":{"line":74,"column":4},"end":{"line":75,"column":25}},{"start":{"line":76,"column":4},"end":{"line":80,"column":25}},{"start":{"line":81,"column":4},"end":{"line":82,"column":15}}],"line":69},"11":{"loc":{"start":{"line":77,"column":6},"end":{"line":79,"column":7}},"type":"if","locations":[{"start":{"line":77,"column":6},"end":{"line":79,"column":7}},{"start":{},"end":{}}],"line":77}},"s":{"0":1,"1":18,"2":2,"3":16,"4":16,"5":16,"6":16,"7":16,"8":75,"9":44,"10":44,"11":1,"12":43,"13":31,"14":29,"15":29,"16":29,"17":13,"18":13,"19":29,"20":2,"21":1,"22":1,"23":14,"24":16,"25":15,"26":13,"27":1,"28":16,"29":3,"30":13,"31":1,"32":29,"33":29,"34":29,"35":29,"36":20,"37":2,"38":4,"39":3,"40":1,"41":2,"42":0,"43":1},"f":{"0":18,"1":16,"2":29},"b":{"0":[2,16],"1":[18,17],"2":[44,31],"3":[1,43],"4":[29,2],"5":[42,16],"6":[1,1],"7":[2,1],"8":[3,13],"9":[16,14,3,1],"10":[20,2,4,3,0],"11":[1,2]},"_coverageSchema":"1a1c01bbd47fc00a2c39e90264f33305004495a9","hash":"979e90f6649b451365570d1d5f7520c205e6e9a4"}
}
