TN:
SF:calculator.js
FN:2,(anonymous_0)
FN:56,(anonymous_1)
FN:64,(anonymous_2)
FNF:3
FNH:3
FNDA:18,(anonymous_0)
FNDA:16,(anonymous_1)
FNDA:29,(anonymous_2)
DA:2,1
DA:4,18
DA:5,2
DA:8,16
DA:9,16
DA:10,16
DA:12,16
DA:14,75
DA:15,44
DA:16,44
DA:17,1
DA:19,43
DA:23,31
DA:24,29
DA:25,29
DA:28,29
DA:29,13
DA:30,13
DA:32,29
DA:36,2
DA:37,1
DA:42,1
DA:47,14
DA:48,16
DA:49,15
DA:52,13
DA:56,1
DA:57,16
DA:58,3
DA:60,13
DA:64,1
DA:65,29
DA:66,29
DA:67,29
DA:69,29
DA:71,20
DA:73,2
DA:75,4
DA:77,3
DA:78,1
DA:80,2
DA:82,0
DA:86,1
LF:43
LH:42
BRDA:4,0,0,2
BRDA:4,0,1,16
BRDA:4,1,0,18
BRDA:4,1,1,17
BRDA:14,2,0,44
BRDA:14,2,1,31
BRDA:16,3,0,1
BRDA:16,3,1,43
BRDA:23,4,0,29
BRDA:23,4,1,2
BRDA:28,5,0,42
BRDA:28,5,1,16
BRDA:36,6,0,1
BRDA:36,6,1,1
BRDA:36,7,0,2
BRDA:36,7,1,1
BRDA:57,8,0,3
BRDA:57,8,1,13
BRDA:57,9,0,16
BRDA:57,9,1,14
BRDA:57,9,2,3
BRDA:57,9,3,1
BRDA:69,10,0,20
BRDA:69,10,1,2
BRDA:69,10,2,4
BRDA:69,10,3,3
BRDA:69,10,4,0
BRDA:77,11,0,1
BRDA:77,11,1,2
BRF:29
BRH:28
end_of_record
