TN:
SF:calculator.js
FN:2,(anonymous_0)
FN:56,(anonymous_1)
FN:64,(anonymous_2)
FNF:3
FNH:3
FNDA:23,(anonymous_0)
FNDA:18,(anonymous_1)
FNDA:34,(anonymous_2)
DA:2,1
DA:4,23
DA:5,3
DA:8,20
DA:9,20
DA:10,20
DA:12,20
DA:14,89
DA:15,53
DA:16,53
DA:17,4
DA:19,49
DA:23,36
DA:24,34
DA:25,34
DA:28,34
DA:29,13
DA:30,13
DA:32,34
DA:36,2
DA:37,1
DA:42,1
DA:47,18
DA:48,21
DA:49,20
DA:52,17
DA:56,1
DA:57,18
DA:58,5
DA:60,13
DA:64,1
DA:65,34
DA:66,34
DA:67,34
DA:69,34
DA:71,19
DA:73,4
DA:75,6
DA:77,5
DA:78,1
DA:80,4
DA:82,0
DA:86,1
LF:43
LH:42
BRDA:4,0,0,3
BRDA:4,0,1,20
BRDA:4,1,0,23
BRDA:4,1,1,22
BRDA:14,2,0,53
BRDA:14,2,1,36
BRDA:16,3,0,4
BRDA:16,3,1,49
BRDA:23,4,0,34
BRDA:23,4,1,2
BRDA:28,5,0,47
BRDA:28,5,1,18
BRDA:36,6,0,1
BRDA:36,6,1,1
BRDA:36,7,0,2
BRDA:36,7,1,1
BRDA:57,8,0,5
BRDA:57,8,1,13
BRDA:57,9,0,18
BRDA:57,9,1,15
BRDA:57,9,2,5
BRDA:57,9,3,2
BRDA:69,10,0,19
BRDA:69,10,1,4
BRDA:69,10,2,6
BRDA:69,10,3,5
BRDA:69,10,4,0
BRDA:77,11,0,1
BRDA:77,11,1,4
BRF:29
BRH:28
end_of_record
